# Preference setting overrides
gui_create_pref_key -category {Globals} -key {load_detail_for_funcov} -value_type {bool} -value {false}

# State setting overrides
gui_state_default_create -off -ini
gui_set_state_value -category Globals -key recent_databases -value {{gui_open_db -file /gaia/class/student/enrighta/cpe142/cpu/vcdplus.vpd -design V1} {gui_open_db -file /gaia/class/student/enrighta/cpe142/project/register/inter8457.vpd -design V2} {gui_open_db -file /gaia/class/student/enrighta/cpe142/project/register/vcdplus.vpd -design V1} {gui_open_db -file /gaia/class/student/enrighta/cpe142/project/register/inter.vpd -design V2} {gui_open_db -file /gaia/class/student/enrighta/cpe142/project/register/vcdplus.vpd -design V2}}
gui_set_state_value -category Layout -key child_console_size_x -value 1431
gui_set_state_value -category Layout -key child_console_size_y -value 194
gui_set_state_value -category Layout -key child_data_coltype -value 70
gui_set_state_value -category Layout -key child_data_colvalue -value 128
gui_set_state_value -category Layout -key child_data_colvariable -value 168
gui_set_state_value -category Layout -key child_data_size_x -value 287
gui_set_state_value -category Layout -key child_data_size_y -value 539
gui_set_state_value -category Layout -key child_hier_col3 -value {-1}
gui_set_state_value -category Layout -key child_hier_colhier -value 596
gui_set_state_value -category Layout -key child_hier_colpd -value 0
gui_set_state_value -category Layout -key child_hier_coltype -value 544
gui_set_state_value -category Layout -key child_hier_docknewline -value false
gui_set_state_value -category Layout -key child_hier_dockstate -value undocked
gui_set_state_value -category Layout -key child_hier_pos_x -value {-2}
gui_set_state_value -category Layout -key child_hier_pos_y -value {-15}
gui_set_state_value -category Layout -key child_hier_showstate -value maximized
gui_set_state_value -category Layout -key child_hier_size_x -value 1148
gui_set_state_value -category Layout -key child_hier_size_y -value 534
gui_set_state_value -category Layout -key child_hier_sort_order -value 1
gui_set_state_value -category Layout -key child_source_docknewline -value false
gui_set_state_value -category Layout -key child_source_pos_x -value {-2}
gui_set_state_value -category Layout -key child_source_pos_y -value {-15}
gui_set_state_value -category Layout -key child_source_size_x -value 1148
gui_set_state_value -category Layout -key child_source_size_y -value 534
gui_set_state_value -category Layout -key child_watch_size_x -value 879
gui_set_state_value -category Layout -key child_watch_size_y -value 179
gui_set_state_value -category Layout -key child_wave_colname -value 197
gui_set_state_value -category Layout -key child_wave_colvalue -value 197
gui_set_state_value -category Layout -key child_wave_left -value 399
gui_set_state_value -category Layout -key child_wave_right -value 972
gui_set_state_value -category Layout -key main_pos_x -value 8
gui_set_state_value -category Layout -key main_pos_y -value 51
gui_set_state_value -category Layout -key main_size_x -value 1439
gui_set_state_value -category Layout -key main_size_y -value 883
gui_set_state_value -category Layout -key stand_wave_child_docknewline -value false
gui_set_state_value -category Layout -key stand_wave_child_pos_x -value {-2}
gui_set_state_value -category Layout -key stand_wave_child_pos_y -value {-15}
gui_set_state_value -category Layout -key stand_wave_child_size_x -value 1381
gui_set_state_value -category Layout -key stand_wave_child_size_y -value 712
gui_set_state_value -category Layout -key stand_wave_top_pos_x -value 48
gui_set_state_value -category Layout -key stand_wave_top_pos_y -value 70
gui_set_state_value -category Layout -key stand_wave_top_size_x -value 1424
gui_set_state_value -category Layout -key stand_wave_top_size_y -value 886
gui_create_state_key -category FindDialog -key m_pMatchCase -value_type bool -value false
gui_create_state_key -category FindDialog -key m_pMatchWord -value_type bool -value false
gui_create_state_key -category FindDialog -key m_pUseCombo -value_type string -value {}
gui_create_state_key -category FindDialog -key m_pWrapAround -value_type bool -value true
gui_create_state_key -category Widget_History -key {dlgSimSetup|m_setupTab|tab pages|SimTab|m_VPDCombo} -value_type string -value {inter.vpd vcdplus.vpd}
gui_create_state_key -category Widget_History -key {dlgSimSetup|m_setupTab|tab pages|SimTab|m_argsCombo} -value_type string -value {{-ucligui }}
gui_create_state_key -category Widget_History -key {dlgSimSetup|m_setupTab|tab pages|SimTab|m_curDirCombo} -value_type string -value {/gaia/class/student/enrighta/cpe142/cpu /gaia/class/student/enrighta/cpe142/project/cpu /gaia/class/student/enrighta/cpe142/project/cpu/register /gaia/class/student/enrighta/cpe142/project/forward /gaia/class/student/enrighta/cpe142/project/adder}
gui_create_state_key -category Widget_History -key {dlgSimSetup|m_setupTab|tab pages|SimTab|m_exeCombo} -value_type string -value {/gaia/class/student/enrighta/cpe142/cpu/simv simv imv /gaia/class/student/enrighta/cpe142/project/buffer/simv /gaia/class/student/enrighta/cpe142/project/register/simv}
gui_create_state_key -category SearchDialog -key MatchCase -value_type bool -value false
gui_create_state_key -category SearchDialog -key MatchWord -value_type bool -value true
gui_create_state_key -category SearchDialog -key SearchMode -value_type string -value Wildcards
gui_create_state_key -category SearchDialog -key UseCombo -value_type bool -value true
gui_state_default_create -off

# Begin command logging
gui_open_db -file /gaia/class/student/enrighta/cpe142/cpu/vcdplus.vpd -design V1
gui_open_window Wave
gui_list_add -id Wave.1 -from Source.1 { cpu_fixture } -insertionbar
gui_close_window -window TopLevel.2
gui_open_source /gaia/class/student/enrighta/cpe142/project/cpu/cpu.v
gui_set_env SIMSETUP::SIMEXE {simv {}}
gui_set_env SIMSETUP::SIMCURRENTDIR /gaia/class/student/enrighta/cpe142/cpu
gui_sim_run Ucli -exe simv -args {-ucligui } -dir .
gui_sim_continue  
gui_set_pref_value -category {Source} -key {sync_active_to_source} -value {false}
gui_list_select -id Data.1 -selected  { {Sim:register.data_in[15:0]}   }
gui_open_window Wave
gui_list_add -id Wave.1 -from Data.1 { {Sim:register.data_in[15:0]} } -insertionbar
gui_list_expand -id  Wave.1   {Sim:register.data_in[15:0]}
gui_list_select -id Wave.1 -selected  { {Sim:register.data_in[15]}   }
gui_open_db -file /gaia/class/student/enrighta/cpe142/cpu/vcdplus.vpd -design V2
gui_close_window -window TopLevel.2
