Chronologic VCS simulator copyright 1991-2014
Contains Synopsys proprietary information.
Compiler version I-2014.03-2; Runtime version I-2014.03-2;  Nov 30 12:58 2017
VCD+ Writer I-2014.03-2 Copyright (c) 1991-2014 by Synopsys Inc.
The file '/gaia/class/student/enrighta/cpe142/project/buffer/inter.vpd' was opened successfully.
                   0 in1 = xxxx|out1 = 0000|clk = 0|flush = 0|dis = 0
                   5 in1 = 0000|out1 = 0000|clk = 1|flush = 0|dis = 0
                  10 in1 = 0000|out1 = afaf|clk = 0|flush = 0|dis = 0
                  15 in1 = afaf|out1 = afaf|clk = 1|flush = 0|dis = 0
                  20 in1 = afaf|out1 = fafa|clk = 0|flush = 0|dis = 0
                  25 in1 = fafa|out1 = fafa|clk = 1|flush = 0|dis = 0
                  30 in1 = fafa|out1 = ffff|clk = 0|flush = 0|dis = 1
                  35 in1 = fafa|out1 = ffff|clk = 1|flush = 0|dis = 1
                  40 in1 = fafa|out1 = 5555|clk = 0|flush = 0|dis = 1
                  45 in1 = fafa|out1 = 5555|clk = 1|flush = 0|dis = 1
                  50 in1 = fafa|out1 = 5555|clk = 0|flush = 1|dis = 1
                  55 in1 = 0000|out1 = 5555|clk = 1|flush = 1|dis = 1
                  60 in1 = 0000|out1 = 5555|clk = 0|flush = 1|dis = 0
                  65 in1 = 0000|out1 = 5555|clk = 1|flush = 1|dis = 0
                  70 in1 = 0000|out1 = 5555|clk = 0|flush = 1|dis = 0
                  75 in1 = 0000|out1 = 5555|clk = 1|flush = 1|dis = 0
                  80 in1 = 0000|out1 = 5555|clk = 0|flush = 1|dis = 0
                  85 in1 = 0000|out1 = 5555|clk = 1|flush = 1|dis = 0
                  90 in1 = 0000|out1 = 5555|clk = 0|flush = 1|dis = 0
                  95 in1 = 0000|out1 = 5555|clk = 1|flush = 1|dis = 0
           V C S   S i m u l a t i o n   R e p o r t 
Time: 100
CPU Time:      0.070 seconds;       Data structure size:   0.0Mb
Thu Nov 30 12:59:23 2017
