# Preference setting overrides
gui_create_pref_key -category {Globals} -key {load_detail_for_funcov} -value_type {bool} -value {false}

# State setting overrides
gui_state_default_create -off -ini
gui_set_state_value -category Globals -key recent_databases -value {{gui_open_db -file /gaia/class/student/enrighta/cpe142/project/register/inter8457.vpd -design V2} {gui_open_db -file /gaia/class/student/enrighta/cpe142/project/register/vcdplus.vpd -design V1} {gui_open_db -file /gaia/class/student/enrighta/cpe142/project/register/inter.vpd -design V2} {gui_open_db -file /gaia/class/student/enrighta/cpe142/project/register/vcdplus.vpd -design V2} {gui_open_db -file /gaia/class/student/enrighta/cpe142/project/register/simv -design V1}}
gui_set_state_value -category Layout -key child_console_size_x -value 1269
gui_set_state_value -category Layout -key child_console_size_y -value 201
gui_set_state_value -category Layout -key child_data_coltype -value 70
gui_set_state_value -category Layout -key child_data_colvalue -value 128
gui_set_state_value -category Layout -key child_data_colvariable -value 168
gui_set_state_value -category Layout -key child_data_size_x -value 294
gui_set_state_value -category Layout -key child_data_size_y -value 346
gui_set_state_value -category Layout -key child_hier_col3 -value {-1}
gui_set_state_value -category Layout -key child_hier_colhier -value 510
gui_set_state_value -category Layout -key child_hier_colpd -value 0
gui_set_state_value -category Layout -key child_hier_coltype -value 461
gui_set_state_value -category Layout -key child_hier_docknewline -value false
gui_set_state_value -category Layout -key child_hier_dockstate -value undocked
gui_set_state_value -category Layout -key child_hier_pos_x -value {-2}
gui_set_state_value -category Layout -key child_hier_pos_y -value {-15}
gui_set_state_value -category Layout -key child_hier_showstate -value maximized
gui_set_state_value -category Layout -key child_hier_size_x -value 979
gui_set_state_value -category Layout -key child_hier_size_y -value 341
gui_set_state_value -category Layout -key child_hier_sort_order -value 1
gui_set_state_value -category Layout -key child_source_docknewline -value false
gui_set_state_value -category Layout -key child_source_pos_x -value {-2}
gui_set_state_value -category Layout -key child_source_pos_y -value {-15}
gui_set_state_value -category Layout -key child_source_size_x -value 979
gui_set_state_value -category Layout -key child_source_size_y -value 341
gui_set_state_value -category Layout -key child_watch_size_x -value 879
gui_set_state_value -category Layout -key child_watch_size_y -value 179
gui_set_state_value -category Layout -key child_wave_colname -value 174
gui_set_state_value -category Layout -key child_wave_colvalue -value 174
gui_set_state_value -category Layout -key child_wave_left -value 352
gui_set_state_value -category Layout -key child_wave_right -value 858
gui_set_state_value -category Layout -key main_pos_x -value 66
gui_set_state_value -category Layout -key main_pos_y -value 92
gui_set_state_value -category Layout -key main_size_x -value 1335
gui_set_state_value -category Layout -key main_size_y -value 738
gui_set_state_value -category Layout -key stand_wave_child_docknewline -value false
gui_set_state_value -category Layout -key stand_wave_child_pos_x -value {-2}
gui_set_state_value -category Layout -key stand_wave_child_pos_y -value {-15}
gui_set_state_value -category Layout -key stand_wave_child_size_x -value 1220
gui_set_state_value -category Layout -key stand_wave_child_size_y -value 531
gui_set_state_value -category Layout -key stand_wave_top_pos_x -value 8
gui_set_state_value -category Layout -key stand_wave_top_pos_y -value 31
gui_set_state_value -category Layout -key stand_wave_top_size_x -value 1223
gui_set_state_value -category Layout -key stand_wave_top_size_y -value 666
gui_create_state_key -category FindDialog -key m_pMatchCase -value_type bool -value false
gui_create_state_key -category FindDialog -key m_pMatchWord -value_type bool -value false
gui_create_state_key -category FindDialog -key m_pUseCombo -value_type string -value {}
gui_create_state_key -category FindDialog -key m_pWrapAround -value_type bool -value true
gui_create_state_key -category Widget_History -key {dlgSimSetup|m_setupTab|tab pages|SimTab|m_VPDCombo} -value_type string -value {inter.vpd vcdplus.vpd}
gui_create_state_key -category Widget_History -key {dlgSimSetup|m_setupTab|tab pages|SimTab|m_argsCombo} -value_type string -value {{-ucligui }}
gui_create_state_key -category Widget_History -key {dlgSimSetup|m_setupTab|tab pages|SimTab|m_curDirCombo} -value_type string -value {/gaia/class/student/enrighta/cpe142/project/forward /gaia/class/student/enrighta/cpe142/project/adder /gaia/class/student/enrighta/cpe142/project/buffer /gaia/class/student/enrighta/cpe142/project/control /gaia/class/student/enrighta/cpe142/project/jumpControl}
gui_create_state_key -category Widget_History -key {dlgSimSetup|m_setupTab|tab pages|SimTab|m_exeCombo} -value_type string -value {simv imv /gaia/class/student/enrighta/cpe142/project/buffer/simv /gaia/class/student/enrighta/cpe142/project/register/simv div}
gui_create_state_key -category SearchDialog -key MatchCase -value_type bool -value false
gui_create_state_key -category SearchDialog -key MatchWord -value_type bool -value true
gui_create_state_key -category SearchDialog -key SearchMode -value_type string -value Wildcards
gui_create_state_key -category SearchDialog -key UseCombo -value_type bool -value true
gui_state_default_create -off

# Begin command logging
gui_set_env SIMSETUP::SIMEXE {simv {}}
gui_set_env SIMSETUP::SIMCURRENTDIR /gaia/class/student/enrighta/cpe142/project/forward
gui_sim_run Ucli -exe simv -args {-ucligui } -dir .
gui_open_window Wave
gui_list_add -id Wave.1 -from Source.1 { control_fixture } -insertionbar
gui_sim_continue  
gui_wv_scroll_hslidermove -id  Wave.1 0
gui_wv_scroll_hslidermove -id  Wave.1 0
gui_marker_move -id  Wave.1 C1 10
gui_marker_move -id  Wave.1 C1 10
gui_marker_move -id  Wave.1 C1 20
gui_marker_move -id  Wave.1 C1 20
gui_marker_move -id  Wave.1 C1 10
gui_marker_select -id  Wave.1 { C1 }
gui_marker_move -id  Wave.1 C1 16
gui_close_window -window TopLevel.2
